2025-01-28 11:05:42,168 [Worker-0: Loading available Gradle versions] INFO  o.e.b.c.i.u.g.PublishedGradleVersions - Gradle version information cache is up-to-date. Trying to read.
2025-01-28 11:06:06,110 [Worker-11: Importing Maven projects] INFO  o.e.m.c.i.l.LifecycleMappingFactory - Using org.eclipse.m2e.jdt.JarLifecycleMapping lifecycle mapping for MavenProject: com.finaltask:profileapp:0.0.1-SNAPSHOT @ C:\Users\janardhan\Downloads\janardhanReddy_245307_JavaRestAPI_profileapp\profileapp\profileapp\pom.xml.
2025-01-28 11:06:08,781 [Worker-11: Importing Maven projects] INFO  o.e.m.j.i.AbstractJavaProjectConfigurator - Adding source folder /profileapp/src/main/java
2025-01-28 11:06:08,782 [Worker-11: Importing Maven projects] INFO  o.e.m.j.i.AbstractJavaProjectConfigurator - Adding resource folder /profileapp/src/main/resources
2025-01-28 11:06:08,784 [Worker-11: Importing Maven projects] INFO  o.e.m.j.i.AbstractJavaProjectConfigurator - Adding resource folder /profileapp/src/main/resources
2025-01-28 11:06:08,785 [Worker-11: Importing Maven projects] INFO  o.e.m.j.i.AbstractJavaProjectConfigurator - Adding source folder /profileapp/src/test/java
2025-01-28 11:06:09,383 [Worker-11: Importing Maven projects] INFO  o.e.m.c.i.p.ProjectConfigurationManager - Imported and configured 1 project(s) in 7 sec
2025-01-28 11:06:11,152 [Worker-11: Building] INFO  o.a.m.s.f.DefaultMavenResourcesFiltering - Copying 1 resource from src\main\resources to target\classes
2025-01-28 11:06:11,207 [Worker-11: Building] INFO  o.a.m.s.f.DefaultMavenResourcesFiltering - Copying 0 resource from src\main\resources to target\classes
2025-01-28 11:06:11,220 [Worker-11: Building] INFO  o.a.m.s.f.DefaultMavenResourcesFiltering - skip non existing resourceDirectory C:\Users\janardhan\Downloads\janardhanReddy_245307_JavaRestAPI_profileapp\profileapp\profileapp\src\test\resources
2025-01-28 11:06:41,643 [Worker-1: Updating Maven Project] INFO  o.e.m.c.i.p.ProjectConfigurationManager - Update started
2025-01-28 11:06:42,554 [Worker-1: Updating Maven Project] INFO  o.e.m.c.i.l.LifecycleMappingFactory - Using org.eclipse.m2e.jdt.JarLifecycleMapping lifecycle mapping for MavenProject: com.finaltask:profileapp:0.0.1-SNAPSHOT @ C:\Users\janardhan\Downloads\janardhanReddy_245307_JavaRestAPI_profileapp\profileapp\profileapp\pom.xml.
2025-01-28 11:06:43,500 [Worker-1: Updating Maven Project] INFO  o.e.m.j.i.AbstractJavaProjectConfigurator - Adding source folder /profileapp/src/main/java
2025-01-28 11:06:43,500 [Worker-1: Updating Maven Project] INFO  o.e.m.j.i.AbstractJavaProjectConfigurator - Adding resource folder /profileapp/src/main/resources
2025-01-28 11:06:43,501 [Worker-1: Updating Maven Project] INFO  o.e.m.j.i.AbstractJavaProjectConfigurator - Adding resource folder /profileapp/src/main/resources
2025-01-28 11:06:43,502 [Worker-1: Updating Maven Project] INFO  o.e.m.j.i.AbstractJavaProjectConfigurator - Adding source folder /profileapp/src/test/java
2025-01-28 11:06:43,988 [Worker-1: Updating Maven Project] INFO  o.e.m.c.i.p.ProjectConfigurationManager - Update completed: 2 sec
2025-01-28 11:06:44,443 [Worker-12: Building] INFO  o.a.m.s.f.DefaultMavenResourcesFiltering - Copying 1 resource from src\main\resources to target\classes
2025-01-28 11:06:44,473 [Worker-12: Building] INFO  o.a.m.s.f.DefaultMavenResourcesFiltering - Copying 0 resource from src\main\resources to target\classes
2025-01-28 11:06:44,482 [Worker-12: Building] INFO  o.a.m.s.f.DefaultMavenResourcesFiltering - skip non existing resourceDirectory C:\Users\janardhan\Downloads\janardhanReddy_245307_JavaRestAPI_profileapp\profileapp\profileapp\src\test\resources
2025-01-28 11:06:52,457 [main] INFO  o.e.m2e.actions.ExecutePomAction - Creating new launch configuration
2025-01-28 11:07:06,921 [Worker-9: Launching profileapp] INFO  o.e.m.i.launch.MavenLaunchDelegate - C:\Users\janardhan\Downloads\janardhanReddy_245307_JavaRestAPI_profileapp\profileapp\profileapp
2025-01-28 11:07:06,926 [Worker-9: Launching profileapp] INFO  o.e.m.i.launch.MavenLaunchDelegate -  mvn -B -Dstyle.color=always clean install
2025-01-28 11:09:34,231 [Worker-5: Building] INFO  o.a.m.s.f.DefaultMavenResourcesFiltering - Copying 0 resource from src\main\resources to target\classes
2025-01-28 11:09:34,232 [Worker-5: Building] INFO  o.a.m.s.f.DefaultMavenResourcesFiltering - Copying 0 resource from src\main\resources to target\classes
2025-01-28 11:09:34,240 [Worker-5: Building] INFO  o.a.m.s.f.DefaultMavenResourcesFiltering - skip non existing resourceDirectory C:\Users\janardhan\Downloads\janardhanReddy_245307_JavaRestAPI_profileapp\profileapp\profileapp\src\test\resources
